<?xml version="1.0" encoding="UTF-8"?>
<testng-results ignored="0" total="2" passed="2" failed="0" skipped="0">
  <reporter-output>
  </reporter-output>
  <suite started-at="2025-04-18T15:38:42 IST" name="Suite" finished-at="2025-04-18T15:39:12 IST" duration-ms="29578">
    <groups>
    </groups>
    <test started-at="2025-04-18T15:38:42 IST" name="Test" finished-at="2025-04-18T15:39:12 IST" duration-ms="29578">
      <class name="com.Sauce.Tests.TC_Sauce_TestFilterNameZtoA">
        <test-method is-config="true" signature="setUp()[pri:0, instance:com.Sauce.Tests.TC_Sauce_TestFilterNameZtoA@8f4ea7c]" started-at="2025-04-18T15:39:04 IST" name="setUp" finished-at="2025-04-18T15:39:06 IST" duration-ms="2145" status="PASS">
          <reporter-output>
          </reporter-output>
        </test-method> <!-- setUp -->
        <test-method signature="test_FilterNameAtoZ()[pri:0, instance:com.Sauce.Tests.TC_Sauce_TestFilterNameZtoA@8f4ea7c]" started-at="2025-04-18T15:39:06 IST" name="test_FilterNameAtoZ" finished-at="2025-04-18T15:39:06 IST" duration-ms="539" status="PASS">
          <reporter-output>
          </reporter-output>
        </test-method> <!-- test_FilterNameAtoZ -->
        <test-method is-config="true" signature="tearDown()[pri:0, instance:com.Sauce.Tests.TC_Sauce_TestFilterNameZtoA@8f4ea7c]" started-at="2025-04-18T15:39:06 IST" name="tearDown" finished-at="2025-04-18T15:39:12 IST" duration-ms="5343" status="PASS">
          <reporter-output>
          </reporter-output>
        </test-method> <!-- tearDown -->
      </class> <!-- com.Sauce.Tests.TC_Sauce_TestFilterNameZtoA -->
      <class name="com.Sauce.Tests.TC_Sauce_TestFilterNameAtoZ">
        <test-method is-config="true" signature="setUp()[pri:0, instance:com.Sauce.Tests.TC_Sauce_TestFilterNameAtoZ@694abbdc]" started-at="2025-04-18T15:38:42 IST" name="setUp" finished-at="2025-04-18T15:38:57 IST" duration-ms="14489" status="PASS">
          <reporter-output>
          </reporter-output>
        </test-method> <!-- setUp -->
        <test-method signature="test_FilterNameAtoZ()[pri:0, instance:com.Sauce.Tests.TC_Sauce_TestFilterNameAtoZ@694abbdc]" started-at="2025-04-18T15:38:57 IST" name="test_FilterNameAtoZ" finished-at="2025-04-18T15:38:58 IST" duration-ms="1546" status="PASS">
          <reporter-output>
          </reporter-output>
        </test-method> <!-- test_FilterNameAtoZ -->
        <test-method is-config="true" signature="tearDown()[pri:0, instance:com.Sauce.Tests.TC_Sauce_TestFilterNameAtoZ@694abbdc]" started-at="2025-04-18T15:38:58 IST" name="tearDown" finished-at="2025-04-18T15:39:04 IST" duration-ms="5453" status="PASS">
          <reporter-output>
          </reporter-output>
        </test-method> <!-- tearDown -->
      </class> <!-- com.Sauce.Tests.TC_Sauce_TestFilterNameAtoZ -->
    </test> <!-- Test -->
  </suite> <!-- Suite -->
</testng-results>
