<?xml version="1.0" encoding="UTF-8"?>
<testng-results ignored="0" total="2" passed="2" failed="0" skipped="0">
  <reporter-output>
  </reporter-output>
  <suite started-at="2025-04-17T15:57:50 IST" name="Suite" finished-at="2025-04-17T15:58:10 IST" duration-ms="19730">
    <groups>
    </groups>
    <test started-at="2025-04-17T15:57:50 IST" name="Test" finished-at="2025-04-17T15:58:10 IST" duration-ms="19730">
      <class name="com.Sauce.Tests.TC_Sauce_TestFilterNameZtoA">
        <test-method is-config="true" signature="setUp()[pri:0, instance:com.Sauce.Tests.TC_Sauce_TestFilterNameZtoA@687e99d8]" started-at="2025-04-17T15:58:01 IST" name="setUp" finished-at="2025-04-17T15:58:04 IST" duration-ms="2410" status="PASS">
          <reporter-output>
          </reporter-output>
        </test-method> <!-- setUp -->
        <test-method signature="test_FilterNameAtoZ()[pri:0, instance:com.Sauce.Tests.TC_Sauce_TestFilterNameZtoA@687e99d8]" started-at="2025-04-17T15:58:04 IST" name="test_FilterNameAtoZ" finished-at="2025-04-17T15:58:05 IST" duration-ms="701" status="PASS">
          <reporter-output>
          </reporter-output>
        </test-method> <!-- test_FilterNameAtoZ -->
        <test-method is-config="true" signature="tearDown()[pri:0, instance:com.Sauce.Tests.TC_Sauce_TestFilterNameZtoA@687e99d8]" started-at="2025-04-17T15:58:05 IST" name="tearDown" finished-at="2025-04-17T15:58:10 IST" duration-ms="5227" status="PASS">
          <reporter-output>
          </reporter-output>
        </test-method> <!-- tearDown -->
      </class> <!-- com.Sauce.Tests.TC_Sauce_TestFilterNameZtoA -->
      <class name="com.Sauce.Tests.TC_Sauce_TestFilterNameAtoZ">
        <test-method is-config="true" signature="setUp()[pri:0, instance:com.Sauce.Tests.TC_Sauce_TestFilterNameAtoZ@131ef10]" started-at="2025-04-17T15:57:50 IST" name="setUp" finished-at="2025-04-17T15:57:55 IST" duration-ms="5135" status="PASS">
          <reporter-output>
          </reporter-output>
        </test-method> <!-- setUp -->
        <test-method signature="test_FilterNameAtoZ()[pri:0, instance:com.Sauce.Tests.TC_Sauce_TestFilterNameAtoZ@131ef10]" started-at="2025-04-17T15:57:55 IST" name="test_FilterNameAtoZ" finished-at="2025-04-17T15:57:56 IST" duration-ms="858" status="PASS">
          <reporter-output>
          </reporter-output>
        </test-method> <!-- test_FilterNameAtoZ -->
        <test-method is-config="true" signature="tearDown()[pri:0, instance:com.Sauce.Tests.TC_Sauce_TestFilterNameAtoZ@131ef10]" started-at="2025-04-17T15:57:56 IST" name="tearDown" finished-at="2025-04-17T15:58:01 IST" duration-ms="5328" status="PASS">
          <reporter-output>
          </reporter-output>
        </test-method> <!-- tearDown -->
      </class> <!-- com.Sauce.Tests.TC_Sauce_TestFilterNameAtoZ -->
    </test> <!-- Test -->
  </suite> <!-- Suite -->
</testng-results>
