<?xml version="1.0" encoding="UTF-8"?>
<testng-results ignored="0" total="2" passed="2" failed="0" skipped="0">
  <reporter-output>
  </reporter-output>
  <suite started-at="2025-04-18T16:28:28 IST" name="Sauce" finished-at="2025-04-18T16:28:38 IST" duration-ms="10408">
    <groups>
    </groups>
    <test started-at="2025-04-18T16:28:28 IST" name="Sauce_Tests" finished-at="2025-04-18T16:28:38 IST" duration-ms="10408">
      <class name="com.Sauce.Tests.TC_Sauce_TestFilterNameZtoA">
        <test-method is-config="true" signature="setUp()[pri:0, instance:com.Sauce.Tests.TC_Sauce_TestFilterNameZtoA@e4487af]" started-at="2025-04-18T16:28:35 IST" name="setUp" finished-at="2025-04-18T16:28:37 IST" duration-ms="2830" status="PASS">
          <reporter-output>
          </reporter-output>
        </test-method> <!-- setUp -->
        <test-method signature="test_FilterNameAtoZ()[pri:0, instance:com.Sauce.Tests.TC_Sauce_TestFilterNameZtoA@e4487af]" started-at="2025-04-18T16:28:37 IST" name="test_FilterNameAtoZ" finished-at="2025-04-18T16:28:38 IST" duration-ms="631" status="PASS">
          <reporter-output>
          </reporter-output>
        </test-method> <!-- test_FilterNameAtoZ -->
        <test-method is-config="true" signature="tearDown()[pri:0, instance:com.Sauce.Tests.TC_Sauce_TestFilterNameZtoA@e4487af]" started-at="2025-04-18T16:28:38 IST" name="tearDown" finished-at="2025-04-18T16:28:38 IST" duration-ms="193" status="PASS">
          <reporter-output>
          </reporter-output>
        </test-method> <!-- tearDown -->
      </class> <!-- com.Sauce.Tests.TC_Sauce_TestFilterNameZtoA -->
      <class name="com.Sauce.Tests.TC_Sauce_TestFilterNameAtoZ">
        <test-method is-config="true" signature="setUp()[pri:0, instance:com.Sauce.Tests.TC_Sauce_TestFilterNameAtoZ@55b0dcab]" started-at="2025-04-18T16:28:28 IST" name="setUp" finished-at="2025-04-18T16:28:34 IST" duration-ms="5640" status="PASS">
          <reporter-output>
          </reporter-output>
        </test-method> <!-- setUp -->
        <test-method signature="test_FilterNameAtoZ()[pri:0, instance:com.Sauce.Tests.TC_Sauce_TestFilterNameAtoZ@55b0dcab]" started-at="2025-04-18T16:28:34 IST" name="test_FilterNameAtoZ" finished-at="2025-04-18T16:28:34 IST" duration-ms="828" status="PASS">
          <reporter-output>
          </reporter-output>
        </test-method> <!-- test_FilterNameAtoZ -->
        <test-method is-config="true" signature="tearDown()[pri:0, instance:com.Sauce.Tests.TC_Sauce_TestFilterNameAtoZ@55b0dcab]" started-at="2025-04-18T16:28:34 IST" name="tearDown" finished-at="2025-04-18T16:28:35 IST" duration-ms="229" status="PASS">
          <reporter-output>
          </reporter-output>
        </test-method> <!-- tearDown -->
      </class> <!-- com.Sauce.Tests.TC_Sauce_TestFilterNameAtoZ -->
    </test> <!-- Sauce_Tests -->
  </suite> <!-- Sauce -->
</testng-results>
